A D/arch-adifcc////
A D/arch-anakin////
A D/arch-arc////
A D/arch-cl7500////
A D/arch-clps711x////
A D/arch-ebsa110////
A D/arch-ebsa285////
A D/arch-epxa////
A D/arch-epxa10db////
A D/arch-integrator////
A D/arch-iop3xx////
A D/arch-ixp1200////
A D/arch-ixp2000////
A D/arch-ixp425////
A D/arch-l7200////
A D/arch-mx1ads////
A D/arch-nexuspci////
A D/arch-omaha////
A D/arch-rpc////
A D/arch-sa1100////
A D/arch-shark////
A D/arch-tbox////
A D/hardware////
A D/mach////
A D/proc-armo////
A D/proc-armv////
