A D/adfs////
A D/affs////
A D/alignment////
A D/amd////
A D/arch////
A D/arm////
A D/autofs////
A D/autofs4////
A D/befs////
A D/bfs////
A D/binfmt////
A D/blk////
A D/board////
A D/bridge////
A D/bsd////
A D/ciss////
A D/coda////
A D/contiguous////
A D/cpu////
A D/cramfs////
A D/debug////
A D/dev////
A D/devfs////
A D/devpts////
A D/efs////
A D/eth////
A D/ext2////
A D/ext3////
A D/fat////
A D/flash////
A D/frame////
A D/hfs////
A D/hpfs////
A D/i2o////
A D/inet////
A D/input////
A D/intermezzo////
A D/ip////
A D/iso9660////
A D/jbd////
A D/jffs////
A D/jffs2////
A D/jfs////
A D/kcore////
A D/kernel////
A D/magic////
A D/mem////
A D/minix////
A D/mmap////
A D/msdos////
A D/myri////
A D/ncp////
A D/ncpfs////
A D/net////
A D/netfilter////
A D/netlink////
A D/nfs////
A D/nfsd////
A D/no////
A D/ntfs////
A D/packet////
A D/partition////
A D/proc////
A D/qic02////
A D/qnx4fs////
A D/reduced////
A D/reiserfs////
A D/romfs////
A D/root////
A D/rootfs////
A D/rwsem////
A D/serial////
A D/set////
A D/smb////
A D/support////
A D/syn////
A D/sysv////
A D/udf////
A D/ufs////
A D/umsdos////
A D/uncached////
A D/unix98////
A D/vfat////
A D/vlan////
A D/vxfs////
A D/wan////
A D/zisofs////
A D/zlib////
